<?xml version="1.0" encoding="UTF-8"?>
<!-- Generated by org.testng.reporters.JUnitXMLReporter -->
<testsuite hostname="A-PC" ignored="5" name="Test(failed)" tests="4" failures="2" timestamp="24 Jun 2022 07:25:07 GMT" time="242.256" errors="0">
  <testcase name="verifyCreateAccountPage" time="8.216" classname="com.mystore.testcases.AccountCreationPageTest"/>
  <testcase name="productAvailabilityTest" time="4.39" classname="com.mystore.testcases.SearchResultPageTest"/>
  <testcase name="loginTestUsingDP" time="10.112" classname="com.mystore.testcases.LoginPageTest">
    <failure type="java.lang.AssertionError" message="expected [http://automationpractice.com/index.php?controller=my-account] but found [http://automationpractice.com/index.php?controller=authentication]">
      <![CDATA[java.lang.AssertionError: expected [http://automationpractice.com/index.php?controller=my-account] but found [http://automationpractice.com/index.php?controller=authentication]
at com.mystore.testcases.LoginPageTest.loginTestUsingDP(LoginPageTest.java:55)
... Removed 31 stack frames]]>
    </failure>
  </testcase> <!-- loginTestUsingDP -->
  <testcase name="loginTestUsingDP" time="10.395" classname="com.mystore.testcases.LoginPageTest">
    <failure type="java.lang.AssertionError" message="expected [http://automationpractice.com/index.php?controller=my-account] but found [http://automationpractice.com/index.php?controller=authentication]">
      <![CDATA[java.lang.AssertionError: expected [http://automationpractice.com/index.php?controller=my-account] but found [http://automationpractice.com/index.php?controller=authentication]
at com.mystore.testcases.LoginPageTest.loginTestUsingDP(LoginPageTest.java:55)
... Removed 31 stack frames]]>
    </failure>
  </testcase> <!-- loginTestUsingDP -->
  <testcase name="@BeforeSuite beforeSuite" time="0.0" classname="com.mystore.base.BaseClass">
    <ignored/>
  </testcase> <!-- @BeforeSuite beforeSuite -->
  <testcase name="@BeforeSuite beforeSuite" time="0.0" classname="com.mystore.base.BaseClass">
    <ignored/>
  </testcase> <!-- @BeforeSuite beforeSuite -->
  <testcase name="loginTestUsingPropertiesFile" time="0.0" classname="com.mystore.testcases.LoginPageTest">
    <ignored/>
  </testcase> <!-- loginTestUsingPropertiesFile -->
  <testcase name="@BeforeTest loadConfig" time="0.0" classname="com.mystore.base.BaseClass">
    <ignored/>
  </testcase> <!-- @BeforeTest loadConfig -->
  <testcase name="@BeforeTest loadConfig" time="0.0" classname="com.mystore.base.BaseClass">
    <ignored/>
  </testcase> <!-- @BeforeTest loadConfig -->
</testsuite> <!-- Test(failed) -->
