<?xml version="1.0" encoding="UTF-8"?>
<testng-results skipped="0" failed="2" ignored="14" total="27" passed="11">
  <reporter-output>
  </reporter-output>
  <suite name="Suite" duration-ms="420571" started-at="2022-08-14T11:11:43 IST" finished-at="2022-08-14T11:18:44 IST">
    <groups>
      <group name="Sanity">
        <method signature="AccountCreationPageTest.verifyCreateAccountPage()[pri:0, instance:com.mystore.testcases.AccountCreationPageTest@69a3d1d]" name="verifyCreateAccountPage" class="com.mystore.testcases.AccountCreationPageTest"/>
        <method signature="AddToCardPageTest.addToCardTest()[pri:0, instance:com.mystore.testcases.AddToCardPageTest@4b553d26]" name="addToCardTest" class="com.mystore.testcases.AddToCardPageTest"/>
        <method signature="LoginPageTest.loginTestUsingDP(java.lang.String, java.lang.String)[pri:0, instance:com.mystore.testcases.LoginPageTest@2f943d71]" name="loginTestUsingDP" class="com.mystore.testcases.LoginPageTest"/>
        <method signature="LoginPageTest.loginTestUsingPropertiesFile()[pri:0, instance:com.mystore.testcases.LoginPageTest@2f943d71]" name="loginTestUsingPropertiesFile" class="com.mystore.testcases.LoginPageTest"/>
      </group> <!-- Sanity -->
      <group name="Regression">
        <method signature="AddToCardPageTest.addToCardTest()[pri:0, instance:com.mystore.testcases.AddToCardPageTest@4b553d26]" name="addToCardTest" class="com.mystore.testcases.AddToCardPageTest"/>
        <method signature="EndToEndTest.endToEndTest()[pri:0, instance:com.mystore.testcases.EndToEndTest@80503]" name="endToEndTest" class="com.mystore.testcases.EndToEndTest"/>
        <method signature="OrderPageTest.verifyProductPrice()[pri:0, instance:com.mystore.testcases.OrderPageTest@7d70d1b1]" name="verifyProductPrice" class="com.mystore.testcases.OrderPageTest"/>
      </group> <!-- Regression -->
      <group name="Smoke">
        <method signature="HomePageTest.orderHistoryandDetailsTest()[pri:0, instance:com.mystore.testcases.HomePageTest@2a556333]" name="orderHistoryandDetailsTest" class="com.mystore.testcases.HomePageTest"/>
        <method signature="HomePageTest.wishListTest()[pri:0, instance:com.mystore.testcases.HomePageTest@2a556333]" name="wishListTest" class="com.mystore.testcases.HomePageTest"/>
        <method signature="IndexPageTest.verifyLogo()[pri:0, instance:com.mystore.testcases.IndexPageTest@86be70a]" name="verifyLogo" class="com.mystore.testcases.IndexPageTest"/>
        <method signature="IndexPageTest.verifyTitle()[pri:0, instance:com.mystore.testcases.IndexPageTest@86be70a]" name="verifyTitle" class="com.mystore.testcases.IndexPageTest"/>
        <method signature="LoginPageTest.loginTestUsingDP(java.lang.String, java.lang.String)[pri:0, instance:com.mystore.testcases.LoginPageTest@2f943d71]" name="loginTestUsingDP" class="com.mystore.testcases.LoginPageTest"/>
        <method signature="LoginPageTest.loginTestUsingPropertiesFile()[pri:0, instance:com.mystore.testcases.LoginPageTest@2f943d71]" name="loginTestUsingPropertiesFile" class="com.mystore.testcases.LoginPageTest"/>
        <method signature="SearchResultPageTest.productAvailabilityTest()[pri:0, instance:com.mystore.testcases.SearchResultPageTest@480bdb19]" name="productAvailabilityTest" class="com.mystore.testcases.SearchResultPageTest"/>
      </group> <!-- Smoke -->
    </groups>
    <test name="Test_All" duration-ms="420571" started-at="2022-08-14T11:11:43 IST" finished-at="2022-08-14T11:18:44 IST">
      <class name="com.mystore.testcases.AccountCreationPageTest">
        <test-method status="PASS" signature="setup(java.lang.String)[pri:0, instance:com.mystore.testcases.AccountCreationPageTest@69a3d1d]" name="setup" is-config="true" duration-ms="13307" started-at="2022-08-14T11:16:00 IST" finished-at="2022-08-14T11:16:13 IST">
          <params>
            <param index="0">
              <value>
                <![CDATA[chrome]]>
              </value>
            </param>
          </params>
          <reporter-output>
          </reporter-output>
        </test-method> <!-- setup -->
        <test-method status="PASS" signature="verifyCreateAccountPage()[pri:0, instance:com.mystore.testcases.AccountCreationPageTest@69a3d1d]" name="verifyCreateAccountPage" duration-ms="7950" started-at="2022-08-14T11:16:13 IST" finished-at="2022-08-14T11:16:21 IST">
          <reporter-output>
          </reporter-output>
        </test-method> <!-- verifyCreateAccountPage -->
        <test-method status="PASS" signature="teardown()[pri:0, instance:com.mystore.testcases.AccountCreationPageTest@69a3d1d]" name="teardown" is-config="true" duration-ms="651" started-at="2022-08-14T11:16:21 IST" finished-at="2022-08-14T11:16:21 IST">
          <reporter-output>
          </reporter-output>
        </test-method> <!-- teardown -->
      </class> <!-- com.mystore.testcases.AccountCreationPageTest -->
      <class name="com.mystore.testcases.AddToCardPageTest">
        <test-method status="PASS" signature="setup(java.lang.String)[pri:0, instance:com.mystore.testcases.AddToCardPageTest@4b553d26]" name="setup" is-config="true" duration-ms="11578" started-at="2022-08-14T11:15:32 IST" finished-at="2022-08-14T11:15:43 IST">
          <params>
            <param index="0">
              <value>
                <![CDATA[chrome]]>
              </value>
            </param>
          </params>
          <reporter-output>
          </reporter-output>
        </test-method> <!-- setup -->
        <test-method status="PASS" signature="addToCardTest()[pri:0, instance:com.mystore.testcases.AddToCardPageTest@4b553d26]" name="addToCardTest" duration-ms="15079" started-at="2022-08-14T11:15:43 IST" finished-at="2022-08-14T11:15:59 IST">
          <reporter-output>
          </reporter-output>
        </test-method> <!-- addToCardTest -->
        <test-method status="PASS" signature="tearDown()[pri:0, instance:com.mystore.testcases.AddToCardPageTest@4b553d26]" name="tearDown" is-config="true" duration-ms="992" started-at="2022-08-14T11:15:59 IST" finished-at="2022-08-14T11:16:00 IST">
          <reporter-output>
          </reporter-output>
        </test-method> <!-- tearDown -->
      </class> <!-- com.mystore.testcases.AddToCardPageTest -->
      <class name="com.mystore.testcases.EndToEndTest">
        <test-method status="PASS" signature="setup(java.lang.String)[pri:0, instance:com.mystore.testcases.EndToEndTest@80503]" name="setup" is-config="true" duration-ms="12302" started-at="2022-08-14T11:13:52 IST" finished-at="2022-08-14T11:14:04 IST">
          <params>
            <param index="0">
              <value>
                <![CDATA[chrome]]>
              </value>
            </param>
          </params>
          <reporter-output>
          </reporter-output>
        </test-method> <!-- setup -->
        <test-method status="PASS" signature="endToEndTest()[pri:0, instance:com.mystore.testcases.EndToEndTest@80503]" name="endToEndTest" duration-ms="87141" started-at="2022-08-14T11:14:04 IST" finished-at="2022-08-14T11:15:31 IST">
          <reporter-output>
          </reporter-output>
        </test-method> <!-- endToEndTest -->
        <test-method status="PASS" signature="tearDown()[pri:0, instance:com.mystore.testcases.EndToEndTest@80503]" name="tearDown" is-config="true" duration-ms="675" started-at="2022-08-14T11:15:31 IST" finished-at="2022-08-14T11:15:32 IST">
          <reporter-output>
          </reporter-output>
        </test-method> <!-- tearDown -->
      </class> <!-- com.mystore.testcases.EndToEndTest -->
      <class name="com.mystore.testcases.SearchResultPageTest">
        <test-method status="PASS" signature="setup(java.lang.String)[pri:0, instance:com.mystore.testcases.SearchResultPageTest@480bdb19]" name="setup" is-config="true" duration-ms="11748" started-at="2022-08-14T11:16:48 IST" finished-at="2022-08-14T11:17:00 IST">
          <params>
            <param index="0">
              <value>
                <![CDATA[chrome]]>
              </value>
            </param>
          </params>
          <reporter-output>
          </reporter-output>
        </test-method> <!-- setup -->
        <test-method status="PASS" signature="productAvailabilityTest()[pri:0, instance:com.mystore.testcases.SearchResultPageTest@480bdb19]" name="productAvailabilityTest" duration-ms="4642" started-at="2022-08-14T11:17:00 IST" finished-at="2022-08-14T11:17:05 IST">
          <reporter-output>
          </reporter-output>
        </test-method> <!-- productAvailabilityTest -->
        <test-method status="PASS" signature="tearDown()[pri:0, instance:com.mystore.testcases.SearchResultPageTest@480bdb19]" name="tearDown" is-config="true" duration-ms="668" started-at="2022-08-14T11:17:05 IST" finished-at="2022-08-14T11:17:05 IST">
          <reporter-output>
          </reporter-output>
        </test-method> <!-- tearDown -->
      </class> <!-- com.mystore.testcases.SearchResultPageTest -->
      <class name="com.mystore.testcases.IndexPageTest">
        <test-method status="PASS" signature="setup(java.lang.String)[pri:0, instance:com.mystore.testcases.IndexPageTest@86be70a]" name="setup" is-config="true" duration-ms="12387" started-at="2022-08-14T11:16:21 IST" finished-at="2022-08-14T11:16:34 IST">
          <params>
            <param index="0">
              <value>
                <![CDATA[chrome]]>
              </value>
            </param>
          </params>
          <reporter-output>
          </reporter-output>
        </test-method> <!-- setup -->
        <test-method status="PASS" signature="verifyLogo()[pri:0, instance:com.mystore.testcases.IndexPageTest@86be70a]" name="verifyLogo" duration-ms="110" started-at="2022-08-14T11:16:34 IST" finished-at="2022-08-14T11:16:34 IST">
          <reporter-output>
          </reporter-output>
        </test-method> <!-- verifyLogo -->
        <test-method status="PASS" signature="tearDown()[pri:0, instance:com.mystore.testcases.IndexPageTest@86be70a]" name="tearDown" is-config="true" duration-ms="758" started-at="2022-08-14T11:16:34 IST" finished-at="2022-08-14T11:16:35 IST">
          <reporter-output>
          </reporter-output>
        </test-method> <!-- tearDown -->
        <test-method status="PASS" signature="setup(java.lang.String)[pri:0, instance:com.mystore.testcases.IndexPageTest@86be70a]" name="setup" is-config="true" duration-ms="13008" started-at="2022-08-14T11:16:35 IST" finished-at="2022-08-14T11:16:48 IST">
          <params>
            <param index="0">
              <value>
                <![CDATA[chrome]]>
              </value>
            </param>
          </params>
          <reporter-output>
          </reporter-output>
        </test-method> <!-- setup -->
        <test-method status="PASS" signature="verifyTitle()[pri:0, instance:com.mystore.testcases.IndexPageTest@86be70a]" name="verifyTitle" duration-ms="7" started-at="2022-08-14T11:16:48 IST" finished-at="2022-08-14T11:16:48 IST">
          <reporter-output>
          </reporter-output>
        </test-method> <!-- verifyTitle -->
        <test-method status="PASS" signature="tearDown()[pri:0, instance:com.mystore.testcases.IndexPageTest@86be70a]" name="tearDown" is-config="true" duration-ms="637" started-at="2022-08-14T11:16:48 IST" finished-at="2022-08-14T11:16:48 IST">
          <reporter-output>
          </reporter-output>
        </test-method> <!-- tearDown -->
      </class> <!-- com.mystore.testcases.IndexPageTest -->
      <class name="com.mystore.testcases.OrderPageTest">
        <test-method status="PASS" signature="setup(java.lang.String)[pri:0, instance:com.mystore.testcases.OrderPageTest@7d70d1b1]" name="setup" is-config="true" duration-ms="11724" started-at="2022-08-14T11:17:51 IST" finished-at="2022-08-14T11:18:03 IST">
          <params>
            <param index="0">
              <value>
                <![CDATA[chrome]]>
              </value>
            </param>
          </params>
          <reporter-output>
          </reporter-output>
        </test-method> <!-- setup -->
        <test-method status="PASS" signature="verifyProductPrice()[pri:0, instance:com.mystore.testcases.OrderPageTest@7d70d1b1]" name="verifyProductPrice" duration-ms="39776" started-at="2022-08-14T11:18:03 IST" finished-at="2022-08-14T11:18:43 IST">
          <reporter-output>
          </reporter-output>
        </test-method> <!-- verifyProductPrice -->
        <test-method status="PASS" signature="tearDown()[pri:0, instance:com.mystore.testcases.OrderPageTest@7d70d1b1]" name="tearDown" is-config="true" duration-ms="631" started-at="2022-08-14T11:18:43 IST" finished-at="2022-08-14T11:18:44 IST">
          <reporter-output>
          </reporter-output>
        </test-method> <!-- tearDown -->
      </class> <!-- com.mystore.testcases.OrderPageTest -->
      <class name="com.mystore.testcases.LoginPageTest">
        <test-method status="PASS" signature="loadConfig()[pri:0, instance:com.mystore.testcases.LoginPageTest@2f943d71]" name="loadConfig" is-config="true" duration-ms="972" started-at="2022-08-14T11:11:42 IST" finished-at="2022-08-14T11:11:43 IST">
          <reporter-output>
          </reporter-output>
        </test-method> <!-- loadConfig -->
        <test-method status="PASS" signature="setup(java.lang.String)[pri:0, instance:com.mystore.testcases.LoginPageTest@2f943d71]" name="setup" is-config="true" duration-ms="21530" started-at="2022-08-14T11:11:46 IST" finished-at="2022-08-14T11:12:08 IST">
          <params>
            <param index="0">
              <value>
                <![CDATA[chrome]]>
              </value>
            </param>
          </params>
          <reporter-output>
          </reporter-output>
        </test-method> <!-- setup -->
        <test-method status="PASS" signature="loginTestUsingDP(java.lang.String, java.lang.String)[pri:0, instance:com.mystore.testcases.LoginPageTest@2f943d71]" name="loginTestUsingDP" duration-ms="8232" started-at="2022-08-14T11:12:08 IST" data-provider="LoginCredentials" finished-at="2022-08-14T11:12:16 IST">
          <params>
            <param index="0">
              <value>
                <![CDATA[admin@xyz.com]]>
              </value>
            </param>
            <param index="1">
              <value>
                <![CDATA[admin@123]]>
              </value>
            </param>
          </params>
          <reporter-output>
          </reporter-output>
        </test-method> <!-- loginTestUsingDP -->
        <test-method status="PASS" signature="teardown()[pri:0, instance:com.mystore.testcases.LoginPageTest@2f943d71]" name="teardown" is-config="true" duration-ms="686" started-at="2022-08-14T11:12:16 IST" finished-at="2022-08-14T11:12:17 IST">
          <reporter-output>
          </reporter-output>
        </test-method> <!-- teardown -->
        <test-method status="PASS" signature="setup(java.lang.String)[pri:0, instance:com.mystore.testcases.LoginPageTest@2f943d71]" name="setup" is-config="true" duration-ms="10773" started-at="2022-08-14T11:12:17 IST" finished-at="2022-08-14T11:12:27 IST">
          <params>
            <param index="0">
              <value>
                <![CDATA[chrome]]>
              </value>
            </param>
          </params>
          <reporter-output>
          </reporter-output>
        </test-method> <!-- setup -->
        <test-method status="FAIL" signature="loginTestUsingDP(java.lang.String, java.lang.String)[pri:0, instance:com.mystore.testcases.LoginPageTest@2f943d71]" name="loginTestUsingDP" duration-ms="14973" started-at="2022-08-14T11:12:27 IST" data-provider="LoginCredentials" finished-at="2022-08-14T11:12:42 IST">
          <params>
            <param index="0">
              <value>
                <![CDATA[admin@123.com]]>
              </value>
            </param>
            <param index="1">
              <value>
                <![CDATA[admin123]]>
              </value>
            </param>
          </params>
          <exception class="java.lang.AssertionError">
            <message>
              <![CDATA[expected [http://automationpractice.com/index.php?controller=my-account] but found [http://automationpractice.com/index.php?controller=authentication]]]>
            </message>
            <full-stacktrace>
              <![CDATA[java.lang.AssertionError: expected [http://automationpractice.com/index.php?controller=my-account] but found [http://automationpractice.com/index.php?controller=authentication]
at org.testng.Assert.fail(Assert.java:97)
at org.testng.Assert.assertEqualsImpl(Assert.java:136)
at org.testng.Assert.assertEquals(Assert.java:118)
at org.testng.Assert.assertEquals(Assert.java:575)
at org.testng.Assert.assertEquals(Assert.java:585)
at com.mystore.testcases.LoginPageTest.loginTestUsingDP(LoginPageTest.java:59)
at sun.reflect.NativeMethodAccessorImpl.invoke0(Native Method)
at sun.reflect.NativeMethodAccessorImpl.invoke(NativeMethodAccessorImpl.java:62)
at sun.reflect.DelegatingMethodAccessorImpl.invoke(DelegatingMethodAccessorImpl.java:43)
at java.lang.reflect.Method.invoke(Method.java:498)
at org.testng.internal.MethodInvocationHelper.invokeMethod(MethodInvocationHelper.java:134)
at org.testng.internal.TestInvoker.invokeMethod(TestInvoker.java:597)
at org.testng.internal.TestInvoker.invokeTestMethod(TestInvoker.java:173)
at org.testng.internal.MethodRunner.runInSequence(MethodRunner.java:46)
at org.testng.internal.TestInvoker$MethodInvocationAgent.invoke(TestInvoker.java:816)
at org.testng.internal.TestInvoker.invokeTestMethods(TestInvoker.java:146)
at org.testng.internal.TestMethodWorker.invokeTestMethods(TestMethodWorker.java:146)
at org.testng.internal.TestMethodWorker.run(TestMethodWorker.java:128)
at java.util.ArrayList.forEach(ArrayList.java:1249)
at org.testng.TestRunner.privateRun(TestRunner.java:766)
at org.testng.TestRunner.run(TestRunner.java:587)
at org.testng.SuiteRunner.runTest(SuiteRunner.java:384)
at org.testng.SuiteRunner.runSequentially(SuiteRunner.java:378)
at org.testng.SuiteRunner.privateRun(SuiteRunner.java:337)
at org.testng.SuiteRunner.run(SuiteRunner.java:286)
at org.testng.SuiteRunnerWorker.runSuite(SuiteRunnerWorker.java:53)
at org.testng.SuiteRunnerWorker.run(SuiteRunnerWorker.java:96)
at org.testng.TestNG.runSuitesSequentially(TestNG.java:1187)
at org.testng.TestNG.runSuitesLocally(TestNG.java:1109)
at org.testng.TestNG.runSuites(TestNG.java:1039)
at org.testng.TestNG.run(TestNG.java:1007)
at org.testng.remote.AbstractRemoteTestNG.run(AbstractRemoteTestNG.java:115)
at org.testng.remote.RemoteTestNG.initAndRun(RemoteTestNG.java:251)
at org.testng.remote.RemoteTestNG.main(RemoteTestNG.java:77)
]]>
            </full-stacktrace>
          </exception> <!-- java.lang.AssertionError -->
          <reporter-output>
          </reporter-output>
        </test-method> <!-- loginTestUsingDP -->
        <test-method status="PASS" signature="teardown()[pri:0, instance:com.mystore.testcases.LoginPageTest@2f943d71]" name="teardown" is-config="true" duration-ms="768" started-at="2022-08-14T11:12:43 IST" finished-at="2022-08-14T11:12:44 IST">
          <reporter-output>
          </reporter-output>
        </test-method> <!-- teardown -->
        <test-method status="PASS" signature="setup(java.lang.String)[pri:0, instance:com.mystore.testcases.LoginPageTest@2f943d71]" name="setup" is-config="true" duration-ms="24345" started-at="2022-08-14T11:12:44 IST" finished-at="2022-08-14T11:13:09 IST">
          <params>
            <param index="0">
              <value>
                <![CDATA[chrome]]>
              </value>
            </param>
          </params>
          <reporter-output>
          </reporter-output>
        </test-method> <!-- setup -->
        <test-method status="FAIL" signature="loginTestUsingDP(java.lang.String, java.lang.String)[pri:0, instance:com.mystore.testcases.LoginPageTest@2f943d71]" name="loginTestUsingDP" duration-ms="16139" started-at="2022-08-14T11:13:09 IST" data-provider="LoginCredentials" finished-at="2022-08-14T11:13:25 IST">
          <params>
            <param index="0">
              <value>
                <![CDATA[admin123@.com]]>
              </value>
            </param>
            <param index="1">
              <value>
                <![CDATA[admin123@]]>
              </value>
            </param>
          </params>
          <exception class="java.lang.AssertionError">
            <message>
              <![CDATA[expected [http://automationpractice.com/index.php?controller=my-account] but found [http://automationpractice.com/index.php?controller=authentication]]]>
            </message>
            <full-stacktrace>
              <![CDATA[java.lang.AssertionError: expected [http://automationpractice.com/index.php?controller=my-account] but found [http://automationpractice.com/index.php?controller=authentication]
at org.testng.Assert.fail(Assert.java:97)
at org.testng.Assert.assertEqualsImpl(Assert.java:136)
at org.testng.Assert.assertEquals(Assert.java:118)
at org.testng.Assert.assertEquals(Assert.java:575)
at org.testng.Assert.assertEquals(Assert.java:585)
at com.mystore.testcases.LoginPageTest.loginTestUsingDP(LoginPageTest.java:59)
at sun.reflect.NativeMethodAccessorImpl.invoke0(Native Method)
at sun.reflect.NativeMethodAccessorImpl.invoke(NativeMethodAccessorImpl.java:62)
at sun.reflect.DelegatingMethodAccessorImpl.invoke(DelegatingMethodAccessorImpl.java:43)
at java.lang.reflect.Method.invoke(Method.java:498)
at org.testng.internal.MethodInvocationHelper.invokeMethod(MethodInvocationHelper.java:134)
at org.testng.internal.TestInvoker.invokeMethod(TestInvoker.java:597)
at org.testng.internal.TestInvoker.invokeTestMethod(TestInvoker.java:173)
at org.testng.internal.MethodRunner.runInSequence(MethodRunner.java:46)
at org.testng.internal.TestInvoker$MethodInvocationAgent.invoke(TestInvoker.java:816)
at org.testng.internal.TestInvoker.invokeTestMethods(TestInvoker.java:146)
at org.testng.internal.TestMethodWorker.invokeTestMethods(TestMethodWorker.java:146)
at org.testng.internal.TestMethodWorker.run(TestMethodWorker.java:128)
at java.util.ArrayList.forEach(ArrayList.java:1249)
at org.testng.TestRunner.privateRun(TestRunner.java:766)
at org.testng.TestRunner.run(TestRunner.java:587)
at org.testng.SuiteRunner.runTest(SuiteRunner.java:384)
at org.testng.SuiteRunner.runSequentially(SuiteRunner.java:378)
at org.testng.SuiteRunner.privateRun(SuiteRunner.java:337)
at org.testng.SuiteRunner.run(SuiteRunner.java:286)
at org.testng.SuiteRunnerWorker.runSuite(SuiteRunnerWorker.java:53)
at org.testng.SuiteRunnerWorker.run(SuiteRunnerWorker.java:96)
at org.testng.TestNG.runSuitesSequentially(TestNG.java:1187)
at org.testng.TestNG.runSuitesLocally(TestNG.java:1109)
at org.testng.TestNG.runSuites(TestNG.java:1039)
at org.testng.TestNG.run(TestNG.java:1007)
at org.testng.remote.AbstractRemoteTestNG.run(AbstractRemoteTestNG.java:115)
at org.testng.remote.RemoteTestNG.initAndRun(RemoteTestNG.java:251)
at org.testng.remote.RemoteTestNG.main(RemoteTestNG.java:77)
]]>
            </full-stacktrace>
          </exception> <!-- java.lang.AssertionError -->
          <reporter-output>
          </reporter-output>
        </test-method> <!-- loginTestUsingDP -->
        <test-method status="PASS" signature="teardown()[pri:0, instance:com.mystore.testcases.LoginPageTest@2f943d71]" name="teardown" is-config="true" duration-ms="683" started-at="2022-08-14T11:13:25 IST" finished-at="2022-08-14T11:13:26 IST">
          <reporter-output>
          </reporter-output>
        </test-method> <!-- teardown -->
        <test-method status="PASS" signature="setup(java.lang.String)[pri:0, instance:com.mystore.testcases.LoginPageTest@2f943d71]" name="setup" is-config="true" duration-ms="11574" started-at="2022-08-14T11:13:26 IST" finished-at="2022-08-14T11:13:37 IST">
          <params>
            <param index="0">
              <value>
                <![CDATA[chrome]]>
              </value>
            </param>
          </params>
          <reporter-output>
          </reporter-output>
        </test-method> <!-- setup -->
        <test-method status="PASS" signature="loginTestUsingPropertiesFile()[pri:0, instance:com.mystore.testcases.LoginPageTest@2f943d71]" name="loginTestUsingPropertiesFile" duration-ms="13954" started-at="2022-08-14T11:13:37 IST" finished-at="2022-08-14T11:13:51 IST">
          <reporter-output>
          </reporter-output>
        </test-method> <!-- loginTestUsingPropertiesFile -->
        <test-method status="PASS" signature="teardown()[pri:0, instance:com.mystore.testcases.LoginPageTest@2f943d71]" name="teardown" is-config="true" duration-ms="632" started-at="2022-08-14T11:13:51 IST" finished-at="2022-08-14T11:13:52 IST">
          <reporter-output>
          </reporter-output>
        </test-method> <!-- teardown -->
        <test-method status="PASS" signature="afterSuite()[pri:0, instance:com.mystore.testcases.LoginPageTest@2f943d71]" name="afterSuite" is-config="true" duration-ms="765" started-at="2022-08-14T11:18:44 IST" finished-at="2022-08-14T11:18:44 IST">
          <reporter-output>
          </reporter-output>
        </test-method> <!-- afterSuite -->
      </class> <!-- com.mystore.testcases.LoginPageTest -->
      <class name="com.mystore.testcases.HomePageTest">
        <test-method status="PASS" signature="setup(java.lang.String)[pri:0, instance:com.mystore.testcases.HomePageTest@2a556333]" name="setup" is-config="true" duration-ms="13047" started-at="2022-08-14T11:17:05 IST" finished-at="2022-08-14T11:17:18 IST">
          <params>
            <param index="0">
              <value>
                <![CDATA[chrome]]>
              </value>
            </param>
          </params>
          <reporter-output>
          </reporter-output>
        </test-method> <!-- setup -->
        <test-method status="PASS" signature="orderHistoryandDetailsTest()[pri:0, instance:com.mystore.testcases.HomePageTest@2a556333]" name="orderHistoryandDetailsTest" duration-ms="7825" started-at="2022-08-14T11:17:18 IST" finished-at="2022-08-14T11:17:26 IST">
          <reporter-output>
          </reporter-output>
        </test-method> <!-- orderHistoryandDetailsTest -->
        <test-method status="PASS" signature="teardown()[pri:0, instance:com.mystore.testcases.HomePageTest@2a556333]" name="teardown" is-config="true" duration-ms="612" started-at="2022-08-14T11:17:26 IST" finished-at="2022-08-14T11:17:27 IST">
          <reporter-output>
          </reporter-output>
        </test-method> <!-- teardown -->
        <test-method status="PASS" signature="setup(java.lang.String)[pri:0, instance:com.mystore.testcases.HomePageTest@2a556333]" name="setup" is-config="true" duration-ms="14374" started-at="2022-08-14T11:17:27 IST" finished-at="2022-08-14T11:17:41 IST">
          <params>
            <param index="0">
              <value>
                <![CDATA[chrome]]>
              </value>
            </param>
          </params>
          <reporter-output>
          </reporter-output>
        </test-method> <!-- setup -->
        <test-method status="PASS" signature="wishListTest()[pri:0, instance:com.mystore.testcases.HomePageTest@2a556333]" name="wishListTest" duration-ms="9570" started-at="2022-08-14T11:17:41 IST" finished-at="2022-08-14T11:17:51 IST">
          <reporter-output>
          </reporter-output>
        </test-method> <!-- wishListTest -->
        <test-method status="PASS" signature="teardown()[pri:0, instance:com.mystore.testcases.HomePageTest@2a556333]" name="teardown" is-config="true" duration-ms="597" started-at="2022-08-14T11:17:51 IST" finished-at="2022-08-14T11:17:51 IST">
          <reporter-output>
          </reporter-output>
        </test-method> <!-- teardown -->
      </class> <!-- com.mystore.testcases.HomePageTest -->
    </test> <!-- Test_All -->
  </suite> <!-- Suite -->
</testng-results>
