<?xml version="1.0" encoding="UTF-8"?>
<!-- Generated by org.testng.reporters.JUnitXMLReporter -->
<testsuite hostname="A-PC" ignored="14" name="Test_All" tests="13" failures="2" timestamp="2022-08-14T11:18:44 IST" time="420.571" errors="0">
  <testcase name="loginTestUsingDP" time="8.232" classname="com.mystore.testcases.LoginPageTest"/>
  <testcase name="loginTestUsingDP" time="14.973" classname="com.mystore.testcases.LoginPageTest">
    <failure type="java.lang.AssertionError" message="expected [http://automationpractice.com/index.php?controller=my-account] but found [http://automationpractice.com/index.php?controller=authentication]">
      <![CDATA[java.lang.AssertionError: expected [http://automationpractice.com/index.php?controller=my-account] but found [http://automationpractice.com/index.php?controller=authentication]
at com.mystore.testcases.LoginPageTest.loginTestUsingDP(LoginPageTest.java:59)
at java.util.ArrayList.forEach(ArrayList.java:1249)
... Removed 32 stack frames]]>
    </failure>
  </testcase> <!-- loginTestUsingDP -->
  <testcase name="loginTestUsingDP" time="16.139" classname="com.mystore.testcases.LoginPageTest">
    <failure type="java.lang.AssertionError" message="expected [http://automationpractice.com/index.php?controller=my-account] but found [http://automationpractice.com/index.php?controller=authentication]">
      <![CDATA[java.lang.AssertionError: expected [http://automationpractice.com/index.php?controller=my-account] but found [http://automationpractice.com/index.php?controller=authentication]
at com.mystore.testcases.LoginPageTest.loginTestUsingDP(LoginPageTest.java:59)
at java.util.ArrayList.forEach(ArrayList.java:1249)
... Removed 32 stack frames]]>
    </failure>
  </testcase> <!-- loginTestUsingDP -->
  <testcase name="loginTestUsingPropertiesFile" time="13.954" classname="com.mystore.testcases.LoginPageTest"/>
  <testcase name="endToEndTest" time="87.141" classname="com.mystore.testcases.EndToEndTest"/>
  <testcase name="addToCardTest" time="15.079" classname="com.mystore.testcases.AddToCardPageTest"/>
  <testcase name="verifyCreateAccountPage" time="7.95" classname="com.mystore.testcases.AccountCreationPageTest"/>
  <testcase name="verifyLogo" time="0.11" classname="com.mystore.testcases.IndexPageTest"/>
  <testcase name="verifyTitle" time="0.007" classname="com.mystore.testcases.IndexPageTest"/>
  <testcase name="productAvailabilityTest" time="4.642" classname="com.mystore.testcases.SearchResultPageTest"/>
  <testcase name="orderHistoryandDetailsTest" time="7.825" classname="com.mystore.testcases.HomePageTest"/>
  <testcase name="wishListTest" time="9.57" classname="com.mystore.testcases.HomePageTest"/>
  <testcase name="verifyProductPrice" time="39.776" classname="com.mystore.testcases.OrderPageTest"/>
  <testcase name="@BeforeSuite loadConfig" time="0.0" classname="com.mystore.base.BaseClass">
    <ignored/>
  </testcase> <!-- @BeforeSuite loadConfig -->
  <testcase name="@BeforeSuite loadConfig" time="0.0" classname="com.mystore.base.BaseClass">
    <ignored/>
  </testcase> <!-- @BeforeSuite loadConfig -->
  <testcase name="@BeforeSuite loadConfig" time="0.0" classname="com.mystore.base.BaseClass">
    <ignored/>
  </testcase> <!-- @BeforeSuite loadConfig -->
  <testcase name="@BeforeSuite loadConfig" time="0.0" classname="com.mystore.base.BaseClass">
    <ignored/>
  </testcase> <!-- @BeforeSuite loadConfig -->
  <testcase name="@BeforeSuite loadConfig" time="0.0" classname="com.mystore.base.BaseClass">
    <ignored/>
  </testcase> <!-- @BeforeSuite loadConfig -->
  <testcase name="@BeforeSuite loadConfig" time="0.0" classname="com.mystore.base.BaseClass">
    <ignored/>
  </testcase> <!-- @BeforeSuite loadConfig -->
  <testcase name="@BeforeSuite loadConfig" time="0.0" classname="com.mystore.base.BaseClass">
    <ignored/>
  </testcase> <!-- @BeforeSuite loadConfig -->
  <testcase name="@AfterSuite afterSuite" time="0.0" classname="com.mystore.base.BaseClass">
    <ignored/>
  </testcase> <!-- @AfterSuite afterSuite -->
  <testcase name="@AfterSuite afterSuite" time="0.0" classname="com.mystore.base.BaseClass">
    <ignored/>
  </testcase> <!-- @AfterSuite afterSuite -->
  <testcase name="@AfterSuite afterSuite" time="0.0" classname="com.mystore.base.BaseClass">
    <ignored/>
  </testcase> <!-- @AfterSuite afterSuite -->
  <testcase name="@AfterSuite afterSuite" time="0.0" classname="com.mystore.base.BaseClass">
    <ignored/>
  </testcase> <!-- @AfterSuite afterSuite -->
  <testcase name="@AfterSuite afterSuite" time="0.0" classname="com.mystore.base.BaseClass">
    <ignored/>
  </testcase> <!-- @AfterSuite afterSuite -->
  <testcase name="@AfterSuite afterSuite" time="0.0" classname="com.mystore.base.BaseClass">
    <ignored/>
  </testcase> <!-- @AfterSuite afterSuite -->
  <testcase name="@AfterSuite afterSuite" time="0.0" classname="com.mystore.base.BaseClass">
    <ignored/>
  </testcase> <!-- @AfterSuite afterSuite -->
</testsuite> <!-- Test_All -->
